<?xml version="1.0" encoding="UTF-8"?>
<!-- Generated by org.testng.reporters.JUnitXMLReporter -->
<testsuite ignored="3" hostname="DESKTOP-4KKQ0JE" failures="1" tests="1" name="Test" time="0.112" errors="0" timestamp="2022-11-12T08:02:18 IST">
  <testcase classname="TestNG.Groups" name="Business_logic_Three" time="0.028">
    <failure type="java.lang.IllegalArgumentException" message="Driver must be set">
      <![CDATA[java.lang.IllegalArgumentException: Driver must be set
at org.openqa.selenium.internal.Require.nonNull(Require.java:59)
at org.openqa.selenium.interactions.Actions.<init>(Actions.java:60)
at TestNG.Groups.Business_logic_Three(Groups.java:170)
at java.base/java.util.ArrayList.forEach(ArrayList.java:1511)
... Removed 27 stack frames]]>
    </failure>
  </testcase> <!-- Business_logic_Three -->
  <testcase classname="TestNG.Groups" name="Business_logic_two" time="0.0">
    <ignored/>
  </testcase> <!-- Business_logic_two -->
  <testcase classname="TestNG.Groups" name="Business_logic_four" time="0.0">
    <ignored/>
  </testcase> <!-- Business_logic_four -->
  <testcase classname="TestNG.Groups" name="Business_logic_one" time="0.0">
    <ignored/>
  </testcase> <!-- Business_logic_one -->
</testsuite> <!-- Test -->
